This file contains any messages produced by compilers while
running configure, to aid debugging if configure makes a mistake.

It was created by Zoltan configure 3.6, which was
generated by GNU Autoconf 2.68.  Invocation command line was

  $ ../configure --enable-f90interface --with-mpi-libs=-lirc -limf -lsvml --with-ccflags=-fPIC --with-cflags=-fPIC --with-fcflags=-fPIC --prefix=/usr/not-backed-up/prepcb9Feb2023/FreshCampfire/Zoltan_v3.83/BUILD_DIR

## --------- ##
## Platform. ##
## --------- ##

hostname = comp-pc6105.leeds.ac.uk
uname -m = x86_64
uname -r = 3.10.0-1062.18.1.el7.x86_64
uname -s = Linux
uname -v = #1 SMP Tue Mar 17 23:49:17 UTC 2020

/usr/bin/uname -p = x86_64
/bin/uname -X     = unknown

/bin/arch              = x86_64
/usr/bin/arch -k       = unknown
/usr/convex/getsysinfo = unknown
/usr/bin/hostinfo      = unknown
/bin/machine           = unknown
/usr/bin/oslevel       = unknown
/bin/universe          = unknown

PATH: /home/csunix/linux/apps/install/intel-compilers/17.0.1/compilers_and_libraries_2017.1.132/linux/bin/intel64
PATH: /home/csunix/linux/apps/install/intel-compilers/17.0.1/debugger_2017/gdb/intel64_mic/bin
PATH: /usr/lib64/openmpi/bin
PATH: /home/csunix/linux/apps/install/intel-compilers/2013-u5/composer_xe_2013.5.192/bin/intel64
PATH: /home/csunix/linux/apps/install/intel-compilers/2013-u5/composerxe/mpirt/bin/intel64
PATH: /home/csunix/linux/apps/install/intel-compilers/2013-u5/composerxe/debugger/gdb/intel64_mic/py26/bin
PATH: /home/csunix/linux/apps/install/intel-compilers/2013-u5/composerxe/debugger/gdb/intel64/py26/bin
PATH: /home/csunix/linux/apps/install/intel-compilers/2013-u5/composer_xe_2013.5.192/bin/intel64_mic
PATH: /home/csunix/linux/apps/install/intel-compilers/2013-u5/composerxe/debugger/gui/intel64
PATH: /usr/lib64/qt-3.3/bin
PATH: /usr/local/bin
PATH: /usr/local/sbin
PATH: /usr/bin
PATH: /usr/sbin
PATH: /bin
PATH: /sbin
PATH: /home/csunix/prepcb/bin


## ----------- ##
## Core tests. ##
## ----------- ##

configure:2235: checking whether to enable maintainer-specific portions of Makefiles
configure:2244: result: no
configure:2264: checking build system type
configure:2278: result: x86_64-unknown-linux-gnu
configure:2298: checking host system type
configure:2311: result: x86_64-unknown-linux-gnu
configure:2331: checking target system type
configure:2344: result: x86_64-unknown-linux-gnu
configure:2459: checking for a BSD-compatible install
configure:2527: result: /usr/bin/install -c
configure:2538: checking whether build environment is sane
configure:2588: result: yes
configure:2729: checking for a thread-safe mkdir -p
configure:2768: result: /usr/bin/mkdir -p
configure:2781: checking for gawk
configure:2797: found /usr/bin/gawk
configure:2808: result: gawk
configure:2819: checking whether make sets $(MAKE)
configure:2841: result: yes
configure:2907: checking how to create a ustar tar archive
configure:2920: tar --version
tar (GNU tar) 1.26
Copyright (C) 2011 Free Software Foundation, Inc.
License GPLv3+: GNU GPL version 3 or later <http://gnu.org/licenses/gpl.html>.
This is free software: you are free to change and redistribute it.
There is NO WARRANTY, to the extent permitted by law.

Written by John Gilmore and Jay Fenlason.
configure:2923: $? = 0
configure:2963: tardir=conftest.dir && eval tar --format=ustar -chf - "$tardir" >conftest.tar
configure:2966: $? = 0
configure:2970: tar -xf - <conftest.tar
configure:2973: $? = 0
configure:2986: result: gnutar
configure:3009: checking whether to use f90interface
configure:3013: result: yes
configure:3060: checking whether to use zoltan-cppdriver
configure:3064: result: yes
configure:3187: checking for mpicc
configure:3205: found /usr/lib64/openmpi/bin/mpicc
configure:3218: result: /usr/lib64/openmpi/bin/mpicc
configure:3262: checking for mpicxx
configure:3280: found /usr/lib64/openmpi/bin/mpicxx
configure:3292: result: /usr/lib64/openmpi/bin/mpicxx
configure:3376: checking for mpif90
configure:3394: found /usr/lib64/openmpi/bin/mpif90
configure:3406: result: /usr/lib64/openmpi/bin/mpif90
configure:3446: checking user-defined MPI libraries
configure:3448: result: -lirc -limf -lsvml
configure:3483: checking whether we are using MPI
configure:3485: result: yes
configure:3540: checking for style of include used by make
configure:3568: result: GNU
configure:3639: checking for gcc
configure:3666: result: /usr/lib64/openmpi/bin/mpicc
configure:3895: checking for C compiler version
configure:3904: /usr/lib64/openmpi/bin/mpicc --version >&5
icc (ICC) 17.0.1 20161005
Copyright (C) 1985-2016 Intel Corporation.  All rights reserved.

configure:3915: $? = 0
configure:3904: /usr/lib64/openmpi/bin/mpicc -v >&5
icc version 17.0.1 (gcc version 4.8.5 compatibility)
configure:3915: $? = 0
configure:3904: /usr/lib64/openmpi/bin/mpicc -V >&5
Intel(R) C Intel(R) 64 Compiler for applications running on Intel(R) 64, Version 17.0.1.132 Build 20161005
Copyright (C) 1985-2016 Intel Corporation.  All rights reserved.

configure:3915: $? = 0
configure:3904: /usr/lib64/openmpi/bin/mpicc -qversion >&5
icc: command line warning #10006: ignoring unknown option '-qversion'
icc: command line error: no files specified; for help type "icc -help"
configure:3915: $? = 1
configure:3935: checking whether the C compiler works
configure:3957: /usr/lib64/openmpi/bin/mpicc    conftest.c  >&5
configure:3961: $? = 0
configure:4009: result: yes
configure:4012: checking for C compiler default output file name
configure:4014: result: a.out
configure:4020: checking for suffix of executables
configure:4027: /usr/lib64/openmpi/bin/mpicc -o conftest    conftest.c  >&5
configure:4031: $? = 0
configure:4053: result: 
configure:4075: checking whether we are cross compiling
configure:4083: /usr/lib64/openmpi/bin/mpicc -o conftest    conftest.c  >&5
configure:4087: $? = 0
configure:4094: ./conftest
configure:4098: $? = 0
configure:4113: result: no
configure:4118: checking for suffix of object files
configure:4140: /usr/lib64/openmpi/bin/mpicc -c   conftest.c >&5
configure:4144: $? = 0
configure:4165: result: o
configure:4169: checking whether we are using the GNU C compiler
configure:4188: /usr/lib64/openmpi/bin/mpicc -c   conftest.c >&5
configure:4188: $? = 0
configure:4197: result: yes
configure:4206: checking whether /usr/lib64/openmpi/bin/mpicc accepts -g
configure:4226: /usr/lib64/openmpi/bin/mpicc -c -g  conftest.c >&5
configure:4226: $? = 0
configure:4267: result: yes
configure:4284: checking for /usr/lib64/openmpi/bin/mpicc option to accept ISO C89
configure:4348: /usr/lib64/openmpi/bin/mpicc  -c -g -O2  conftest.c >&5
configure:4348: $? = 0
configure:4361: result: none needed
configure:4383: checking dependency style of /usr/lib64/openmpi/bin/mpicc
configure:4494: result: gcc3
configure:4510: checking whether /usr/lib64/openmpi/bin/mpicc and cc understand -c and -o together
configure:4541: /usr/lib64/openmpi/bin/mpicc -c conftest.c -o conftest2.o >&5
configure:4545: $? = 0
configure:4551: /usr/lib64/openmpi/bin/mpicc -c conftest.c -o conftest2.o >&5
configure:4555: $? = 0
configure:4566: cc -c conftest.c >&5
configure:4570: $? = 0
configure:4578: cc -c conftest.c -o conftest2.o >&5
configure:4582: $? = 0
configure:4588: cc -c conftest.c -o conftest2.o >&5
configure:4592: $? = 0
configure:4610: result: yes
configure:4749: checking for C++ compiler version
configure:4758: /usr/lib64/openmpi/bin/mpicxx --version >&5
icpc (ICC) 17.0.1 20161005
Copyright (C) 1985-2016 Intel Corporation.  All rights reserved.

configure:4769: $? = 0
configure:4758: /usr/lib64/openmpi/bin/mpicxx -v >&5
icpc version 17.0.1 (gcc version 4.8.5 compatibility)
configure:4769: $? = 0
configure:4758: /usr/lib64/openmpi/bin/mpicxx -V >&5
Intel(R) C++ Intel(R) 64 Compiler for applications running on Intel(R) 64, Version 17.0.1.132 Build 20161005
Copyright (C) 1985-2016 Intel Corporation.  All rights reserved.

configure:4769: $? = 0
configure:4758: /usr/lib64/openmpi/bin/mpicxx -qversion >&5
icpc: command line warning #10006: ignoring unknown option '-qversion'
icpc: command line error: no files specified; for help type "icpc -help"
configure:4769: $? = 1
configure:4773: checking whether we are using the GNU C++ compiler
configure:4792: /usr/lib64/openmpi/bin/mpicxx -c   conftest.cpp >&5
configure:4792: $? = 0
configure:4801: result: yes
configure:4810: checking whether /usr/lib64/openmpi/bin/mpicxx accepts -g
configure:4830: /usr/lib64/openmpi/bin/mpicxx -c -g  conftest.cpp >&5
configure:4830: $? = 0
configure:4871: result: yes
configure:4896: checking dependency style of /usr/lib64/openmpi/bin/mpicxx
configure:5007: result: gcc3
configure:5131: checking for Fortran compiler version
configure:5140: /usr/lib64/openmpi/bin/mpif90 --version >&5
ifort (IFORT) 17.0.1 20161005
Copyright (C) 1985-2016 Intel Corporation.  All rights reserved.

configure:5151: $? = 0
configure:5140: /usr/lib64/openmpi/bin/mpif90 -v >&5
ifort version 17.0.1
configure:5151: $? = 0
configure:5140: /usr/lib64/openmpi/bin/mpif90 -V >&5
Intel(R) Fortran Intel(R) 64 Compiler for applications running on Intel(R) 64, Version 17.0.1.132 Build 20161005
Copyright (C) 1985-2016 Intel Corporation.  All rights reserved.

configure:5151: $? = 0
configure:5140: /usr/lib64/openmpi/bin/mpif90 -qversion >&5
ifort: command line warning #10006: ignoring unknown option '-qversion'
ifort: command line error: no files specified; for help type "ifort -help"
configure:5151: $? = 1
configure:5160: checking whether we are using the GNU Fortran compiler
configure:5173: /usr/lib64/openmpi/bin/mpif90 -c   conftest.F >&5
conftest.F(3): error #5082: Syntax error, found END-OF-STATEMENT when expecting one of: => = . [ % ( :
       choke me
---------------^
compilation aborted for conftest.F (code 1)
configure:5173: $? = 1
configure: failed program was:
|       program main
| #ifndef __GNUC__
|        choke me
| #endif
| 
|       end
configure:5182: result: no
configure:5188: checking whether /usr/lib64/openmpi/bin/mpif90 accepts -g
configure:5199: /usr/lib64/openmpi/bin/mpif90 -c -g  conftest.f >&5
configure:5199: $? = 0
configure:5207: result: yes
configure:5340: checking for Fortran compiler version
configure:5349: /usr/lib64/openmpi/bin/mpif90 --version >&5
ifort (IFORT) 17.0.1 20161005
Copyright (C) 1985-2016 Intel Corporation.  All rights reserved.

configure:5360: $? = 0
configure:5349: /usr/lib64/openmpi/bin/mpif90 -v >&5
ifort version 17.0.1
configure:5360: $? = 0
configure:5349: /usr/lib64/openmpi/bin/mpif90 -V >&5
Intel(R) Fortran Intel(R) 64 Compiler for applications running on Intel(R) 64, Version 17.0.1.132 Build 20161005
Copyright (C) 1985-2016 Intel Corporation.  All rights reserved.

configure:5360: $? = 0
configure:5349: /usr/lib64/openmpi/bin/mpif90 -qversion >&5
ifort: command line warning #10006: ignoring unknown option '-qversion'
ifort: command line error: no files specified; for help type "ifort -help"
configure:5360: $? = 1
configure:5369: checking whether we are using the GNU Fortran compiler
configure:5391: result: no
configure:5397: checking whether /usr/lib64/openmpi/bin/mpif90 accepts -g
configure:5416: result: yes
configure:5485: checking for ranlib
configure:5501: found /usr/bin/ranlib
configure:5512: result: ranlib
configure:5538: checking whether additional CCFLAGS flags should be added
configure:5545: result: CCFLAGS = -fPIC 
configure:5557: checking whether additional CXXFLAGS flags should be added
configure:5568: result: no
configure:5577: checking whether additional CFLAGS flags should be added
configure:5584: result: CFLAGS = -fPIC -g -O2
configure:5595: checking whether additional FCFLAGS flags should be added
configure:5602: result: FCFLAGS = -fPIC -g
configure:5614: checking whether additional libraries are needed
configure:5625: result: no
configure:5633: checking whether additional LDFLAGS flags should be added
configure:5644: result: no
configure:5677: checking for special archiver command
configure:5691: result: none
configure:5714: checking how to run the C++ preprocessor
configure:5741: /usr/lib64/openmpi/bin/mpicxx -E  conftest.cpp
configure:5741: $? = 0
configure:5755: /usr/lib64/openmpi/bin/mpicxx -E  conftest.cpp
conftest.cpp(13): error #2379: cannot open source file "ac_nonexistent.h"
  #include <ac_nonexistent.h>
                             ^

configure:5755: $? = 2
configure: failed program was:
| /* confdefs.h */
| #define PACKAGE_NAME "Zoltan"
| #define PACKAGE_TARNAME "zoltan"
| #define PACKAGE_VERSION "3.6"
| #define PACKAGE_STRING "Zoltan 3.6"
| #define PACKAGE_BUGREPORT "lriesen@sandia.gov"
| #define PACKAGE_URL ""
| #define HOST_LINUX 1
| #define HAVE_F90INTERFACE 1
| #define HAVE_ZOLTAN_CPPDRIVER /**/
| #define HAVE_MPI /**/
| /* end confdefs.h.  */
| #include <ac_nonexistent.h>
configure:5780: result: /usr/lib64/openmpi/bin/mpicxx -E
configure:5800: /usr/lib64/openmpi/bin/mpicxx -E  conftest.cpp
configure:5800: $? = 0
configure:5814: /usr/lib64/openmpi/bin/mpicxx -E  conftest.cpp
conftest.cpp(13): error #2379: cannot open source file "ac_nonexistent.h"
  #include <ac_nonexistent.h>
                             ^

configure:5814: $? = 2
configure: failed program was:
| /* confdefs.h */
| #define PACKAGE_NAME "Zoltan"
| #define PACKAGE_TARNAME "zoltan"
| #define PACKAGE_VERSION "3.6"
| #define PACKAGE_STRING "Zoltan 3.6"
| #define PACKAGE_BUGREPORT "lriesen@sandia.gov"
| #define PACKAGE_URL ""
| #define HOST_LINUX 1
| #define HAVE_F90INTERFACE 1
| #define HAVE_ZOLTAN_CPPDRIVER /**/
| #define HAVE_MPI /**/
| /* end confdefs.h.  */
| #include <ac_nonexistent.h>
configure:5861: checking for mpi.h
configure:5867: /usr/lib64/openmpi/bin/mpicxx -E  conftest.cpp
configure:5867: $? = 0
configure:5868: result: yes
configure:5931: checking whether to build export makefiles
configure:5936: result: yes
configure:6008: checking for perl
configure:6024: found /usr/local/bin/perl
configure:6036: result: yes
configure:6078: checking whether gnumake specific code should be enabled
configure:6088: result: no
configure:6115: checking data type for ZOLTAN_ID_TYPE
configure:6155: result: typedef unsigned int ZOLTAN_ID_TYPE
configure:6169: checking whether to use gzip
configure:6179: result: no
configure:6205: checking whether to use parmetis
configure:6215: result: no
configure:6268: checking whether to use scotch
configure:6278: result: no
configure:6332: checking whether to use patoh
configure:6342: result: no
configure:6393: checking whether to use nemesis_exodus
configure:6403: result: no
configure:6439: checking whether to use tests
configure:6443: result: yes
configure:6470: checking whether to use zoltan-tests
configure:6474: result: yes
configure:6502: checking whether to use examples
configure:6506: result: yes
configure:6533: checking whether to use zoltan-examples
configure:6537: result: yes
configure:6586: checking whether additional library search paths defined
configure:6597: result: no
configure:6605: checking whether additional include search paths defined
configure:6619: result: no
configure:6640: checking how to get verbose linking output from /usr/lib64/openmpi/bin/mpif90
configure:6650: /usr/lib64/openmpi/bin/mpif90 -c -fPIC -g  conftest.f >&5
configure:6650: $? = 0
configure:6668: /usr/lib64/openmpi/bin/mpif90 -o conftest -fPIC -g -v conftest.f -lirc -limf -lsvml -lm
ifort version 17.0.1
/home/cserv1_b/apps/install/intel-compilers/17.0.1/compilers_and_libraries_2017.1.132/linux/bin/intel64/fortcom    -D__INTEL_COMPILER=1700 -D__INTEL_COMPILER_UPDATE=1 -D__unix__ -D__unix -D__linux__ -D__linux -D__gnu_linux__ -Dunix -Dlinux -D__ELF__ -D__x86_64 -D__x86_64__ -D__amd64 -D__amd64__ -D__INTEL_COMPILER_BUILD_DATE=20161005 -D__PIC__ -D__pic__ -D__INTEL_OFFLOAD -D__i686 -D__i686__ -D__pentiumpro -D__pentiumpro__ -D__pentium4 -D__pentium4__ -D__tune_pentium4__ -D__SSE2__ -D__SSE2_MATH__ -D__SSE__ -D__SSE_MATH__ -D__MMX__ -mGLOB_pack_sort_init_list -I. -I/usr/include/openmpi-x86_64 -I/usr/lib64/openmpi/lib -I/home/csunix/linux/apps/install/intel-compilers/17.0.1/compilers_and_libraries_2017.1.132/linux/ipp/include -I/home/csunix/linux/apps/install/intel-compilers/17.0.1/compilers_and_libraries_2017.1.132/linux/tbb/include -I/home/csunix/linux/apps/install/intel-compilers/17.0.1/compilers_and_libraries_2017.1.132/linux/daal/include -I/home/csunix/linux/apps/install/intel-compilers/2013-u5/mkl/include -I/home/csunix/linux/apps/install/intel-compilers/2013-u5/tbb/include -I/home/cserv1_b/apps/install/intel-compilers/17.0.1/compilers_and_libraries_2017.1.132/linux/compiler/include/intel64 -I/home/cserv1_b/apps/install/intel-compilers/17.0.1/compilers_and_libraries_2017.1.132/linux/compiler/include/icc -I/home/cserv1_b/apps/install/intel-compilers/17.0.1/compilers_and_libraries_2017.1.132/linux/compiler/include -I/usr/local/include -I/usr/lib/gcc/x86_64-redhat-linux/4.8.5/include -I/usr/include/ -I/usr/include "-fp_modbits honor_f32_conversion" "-fp_modbits honor_f64_conversion" -O0 -g2 "-reentrancy threaded" -simd -offload_host -mGLOB_em64t=TRUE -mP1OPT_version=17.0-intel64 -mGLOB_diag_file=/tmp/iforto7dHdR.diag -mGLOB_long_size_64 -mGLOB_routine_pointer_size_64 -mGLOB_source_language=GLOB_SOURCE_LANGUAGE_F90 -mP2OPT_static_promotion -mP1OPT_print_version=FALSE -mCG_use_gas_got_workaround=F -mP2OPT_align_option_used=TRUE -mGLOB_gcc_version=485 "-mGLOB_options_string=-I/usr/include/openmpi-x86_64 -I/usr/lib64/openmpi/lib -o conftest -fPIC -g -v -lirc -limf -lsvml -lm -m64 -Wl,-rpath -Wl,/usr/lib64/openmpi/lib -Wl,--enable-new-dtags -L/usr/lib64/openmpi/lib -lmpi_usempi -lmpi_mpifh -lmpi" -mGLOB_position_independent_code -mGLOB_preemption_model=3 -mGLOB_cxx_limited_range=FALSE -mCG_extend_parms=FALSE -mGLOB_compiler_bin_directory=/home/cserv1_b/apps/install/intel-compilers/17.0.1/compilers_and_libraries_2017.1.132/linux/bin/intel64 -mP3OPT_emit_line_numbers -mP2OPT_suppress_unreferenced_locals=FALSE -mGLOB_debug_target=GLOB_DEBUG_TARGET_ALL -mDEBUG_info_level=2 -mDEBUG_use_indirect_strings=TRUE -mGLOB_debug_format=GLOB_DEBUG_FORMAT_DWARF40 -mGLOB_as_output_backup_file_name=/tmp/ifortEWvGmhas_.s -mGLOB_dashboard_use_source_name -mGLOB_instruction_tuning=0x0 -mGLOB_uarch_tuning=0x0 -mGLOB_product_id_code=0x22006d8f -mGLOB_maintain_errno -mGLOB_noinline_intrinsics -mGLOB_use_base_pointer=1 -mCG_bnl_movbe=T -mGLOB_extended_instructions=0x8 -mP3OPT_use_mspp_call_convention -mP2OPT_subs_out_of_bound=FALSE -mP2OPT_disam_type_based_disam=2 -mGLOB_ansi_alias -mIPOPT_ninl_limit=0 -mIPOPT_ninl_user_level=0 -mPGOPTI_value_profile_use=T -mGLOB_opt_report_use_source_name -mP2OPT_gen_linux_const_pooling=FALSE -mP2OPT_il0_array_sections=TRUE -mGLOB_offload_mode=1 -mP2OPT_offload_unique_var_string=ifort1414421150PZLe0i -mGLOB_opt_level=0 -mIPOPT_args_in_regs=0 -mP2OPT_disam_assume_nonstd_intent_in=FALSE -mGLOB_imf_mapping_library=/home/cserv1_b/apps/install/intel-compilers/17.0.1/compilers_and_libraries_2017.1.132/linux/bin/intel64/libiml_attr.so -mIPOPT_single_file_compile_and_link=TRUE -mP2OPT_hlo_embed_loopinfo -mPGOPTI_gen_threadsafe_level=0 -mIPOPT_lto_object_enabled -mIPOPT_lto_object_value=1 -mIPOPT_obj_output_file_name=/tmp/iforto7dHdR.o -mIPOPT_whole_archive_fixup_file_name=/tmp/ifortwarchrTI0wH -mGLOB_linker_version=2.27 -mGLOB_driver_tempfile_name=/tmp/iforttempfileKD0mCp -mP3OPT_asm_target=P3OPT_ASM_TARGET_GAS -mGLOB_async_unwind_tables=TRUE -mGLOB_obj_output_file=/tmp/iforto7dHdR.o -mGLOB_source_dialect=GLOB_SOURCE_DIALECT_FORTRAN -mP1OPT_source_file_name=conftest.f -mP1OPT_full_source_file_name=/usr/not-backed-up/prepcb9Feb2023/FreshCampfire/Zoltan_v3.83/BUILD_DIR/conftest.f -mP2OPT_symtab_type_copy=true conftest.f
#include "..." search starts here:
#include <...> search starts here:
 .
 /usr/include/openmpi-x86_64
 /usr/lib64/openmpi/lib
 /home/csunix/linux/apps/install/intel-compilers/17.0.1/compilers_and_libraries_2017.1.132/linux/ipp/include
 /home/csunix/linux/apps/install/intel-compilers/17.0.1/compilers_and_libraries_2017.1.132/linux/tbb/include
 /home/csunix/linux/apps/install/intel-compilers/17.0.1/compilers_and_libraries_2017.1.132/linux/daal/include
 /home/csunix/linux/apps/install/intel-compilers/2013-u5/mkl/include
 /home/csunix/linux/apps/install/intel-compilers/2013-u5/tbb/include
 /home/cserv1_b/apps/install/intel-compilers/17.0.1/compilers_and_libraries_2017.1.132/linux/compiler/include/intel64
 /home/cserv1_b/apps/install/intel-compilers/17.0.1/compilers_and_libraries_2017.1.132/linux/compiler/include/icc
 /home/cserv1_b/apps/install/intel-compilers/17.0.1/compilers_and_libraries_2017.1.132/linux/compiler/include
 /usr/local/include
 /usr/lib/gcc/x86_64-redhat-linux/4.8.5/include
 /usr/include/
 /usr/include
End of search list.
ld    /usr/lib/gcc/x86_64-redhat-linux/4.8.5/../../../../lib64/crt1.o /usr/lib/gcc/x86_64-redhat-linux/4.8.5/../../../../lib64/crti.o /usr/lib/gcc/x86_64-redhat-linux/4.8.5/crtbegin.o --eh-frame-hdr --build-id -dynamic-linker /lib64/ld-linux-x86-64.so.2 -m elf_x86_64 -L/usr/lib64/openmpi/lib -o conftest /home/cserv1_b/apps/install/intel-compilers/17.0.1/compilers_and_libraries_2017.1.132/linux/compiler/lib/intel64_lin/for_main.o -L/home/csunix/linux/apps/install/intel-compilers/17.0.1/compilers_and_libraries_2017.1.132/linux/ipp/lib/intel64 -L/home/csunix/linux/apps/install/intel-compilers/17.0.1/compilers_and_libraries_2017.1.132/linux/compiler/lib/intel64_lin -L/home/csunix/linux/apps/install/intel-compilers/17.0.1/compilers_and_libraries_2017.1.132/linux/tbb/lib/intel64/gcc4.7 -L/home/csunix/linux/apps/install/intel-compilers/17.0.1/compilers_and_libraries_2017.1.132/linux/daal/lib/intel64_lin -L/home/csunix/linux/apps/install/intel-compilers/17.0.1/compilers_and_libraries_2017.1.132/linux/daal/../tbb/lib/intel64_lin/gcc4.4 -L/home/csunix/linux/apps/install/intel-compilers/2013-u5/tbb/lib/intel64/gcc4.4 -L/home/csunix/linux/apps/install/intel-compilers/2013-u5/mkl/lib/intel64 -L/home/csunix/linux/apps/install/intel-compilers/2013-u5/ipp/lib/intel64 -L/home/csunix/linux/apps/install/intel-compilers/2013-u5/composerxe/lib/intel64 -L/home/cserv1_b/apps/install/intel-compilers/17.0.1/compilers_and_libraries_2017.1.132/linux/compiler/lib/intel64_lin -L/usr/lib/gcc/x86_64-redhat-linux/4.8.5/ -L/usr/lib/gcc/x86_64-redhat-linux/4.8.5/../../../../lib64 -L/usr/lib/gcc/x86_64-redhat-linux/4.8.5/../../../../lib64/ -L/lib/../lib64 -L/lib/../lib64/ -L/usr/lib/../lib64 -L/usr/lib/../lib64/ -L/home/csunix/linux/apps/install/intel-compilers/17.0.1/compilers_and_libraries_2017.1.132/linux/ipp/lib/intel64/ -L/home/csunix/linux/apps/install/intel-compilers/17.0.1/compilers_and_libraries_2017.1.132/linux/compiler/lib/intel64_lin/ -L/home/csunix/linux/apps/install/intel-compilers/17.0.1/compilers_and_libraries_2017.1.132/linux/tbb/lib/intel64/gcc4.7/ -L/home/csunix/linux/apps/install/intel-compilers/17.0.1/compilers_and_libraries_2017.1.132/linux/daal/lib/intel64_lin/ -L/home/csunix/linux/apps/install/intel-compilers/17.0.1/compilers_and_libraries_2017.1.132/linux/daal/../tbb/lib/intel64_lin/gcc4.4/ -L/home/csunix/linux/apps/install/intel-compilers/2013-u5/tbb/lib/intel64/gcc4.4/ -L/home/csunix/linux/apps/install/intel-compilers/2013-u5/mkl/lib/intel64/ -L/home/csunix/linux/apps/install/intel-compilers/2013-u5/ipp/lib/intel64/ -L/home/csunix/linux/apps/install/intel-compilers/2013-u5/composerxe/lib/intel64/ -L/usr/lib/gcc/x86_64-redhat-linux/4.8.5/../../../ -L/lib64 -L/lib/ -L/usr/lib64 -L/usr/lib /tmp/iforto7dHdR.o -lirc -limf -lsvml -L/home/cserv1_b/apps/install/intel-compilers/17.0.1/compilers_and_libraries_2017.1.132/linux/compiler/lib/intel64_lin -Bstatic -limf -Bdynamic -lm -rpath /usr/lib64/openmpi/lib --enable-new-dtags -lmpi_usempi -lmpi_mpifh -lmpi -Bdynamic -Bstatic -lifport -lifcoremt_pic -limf -lsvml -Bdynamic -lm -Bstatic -lipgo -lirc -Bdynamic -lpthread -Bstatic -lsvml -Bdynamic -lc -lgcc -lgcc_s -Bstatic -lirc_s -Bdynamic -ldl -lc /usr/lib/gcc/x86_64-redhat-linux/4.8.5/crtend.o /usr/lib/gcc/x86_64-redhat-linux/4.8.5/../../../../lib64/crtn.o
configure:6734: result: -v
configure:6736: checking for Fortran libraries of /usr/lib64/openmpi/bin/mpif90
configure:6759: /usr/lib64/openmpi/bin/mpif90 -o conftest -fPIC -g -v conftest.f -lirc -limf -lsvml -lm
ifort version 17.0.1
/home/cserv1_b/apps/install/intel-compilers/17.0.1/compilers_and_libraries_2017.1.132/linux/bin/intel64/fortcom    -D__INTEL_COMPILER=1700 -D__INTEL_COMPILER_UPDATE=1 -D__unix__ -D__unix -D__linux__ -D__linux -D__gnu_linux__ -Dunix -Dlinux -D__ELF__ -D__x86_64 -D__x86_64__ -D__amd64 -D__amd64__ -D__INTEL_COMPILER_BUILD_DATE=20161005 -D__PIC__ -D__pic__ -D__INTEL_OFFLOAD -D__i686 -D__i686__ -D__pentiumpro -D__pentiumpro__ -D__pentium4 -D__pentium4__ -D__tune_pentium4__ -D__SSE2__ -D__SSE2_MATH__ -D__SSE__ -D__SSE_MATH__ -D__MMX__ -mGLOB_pack_sort_init_list -I. -I/usr/include/openmpi-x86_64 -I/usr/lib64/openmpi/lib -I/home/csunix/linux/apps/install/intel-compilers/17.0.1/compilers_and_libraries_2017.1.132/linux/ipp/include -I/home/csunix/linux/apps/install/intel-compilers/17.0.1/compilers_and_libraries_2017.1.132/linux/tbb/include -I/home/csunix/linux/apps/install/intel-compilers/17.0.1/compilers_and_libraries_2017.1.132/linux/daal/include -I/home/csunix/linux/apps/install/intel-compilers/2013-u5/mkl/include -I/home/csunix/linux/apps/install/intel-compilers/2013-u5/tbb/include -I/home/cserv1_b/apps/install/intel-compilers/17.0.1/compilers_and_libraries_2017.1.132/linux/compiler/include/intel64 -I/home/cserv1_b/apps/install/intel-compilers/17.0.1/compilers_and_libraries_2017.1.132/linux/compiler/include/icc -I/home/cserv1_b/apps/install/intel-compilers/17.0.1/compilers_and_libraries_2017.1.132/linux/compiler/include -I/usr/local/include -I/usr/lib/gcc/x86_64-redhat-linux/4.8.5/include -I/usr/include/ -I/usr/include "-fp_modbits honor_f32_conversion" "-fp_modbits honor_f64_conversion" -O0 -g2 "-reentrancy threaded" -simd -offload_host -mGLOB_em64t=TRUE -mP1OPT_version=17.0-intel64 -mGLOB_diag_file=/tmp/ifortjqYWCx.diag -mGLOB_long_size_64 -mGLOB_routine_pointer_size_64 -mGLOB_source_language=GLOB_SOURCE_LANGUAGE_F90 -mP2OPT_static_promotion -mP1OPT_print_version=FALSE -mCG_use_gas_got_workaround=F -mP2OPT_align_option_used=TRUE -mGLOB_gcc_version=485 "-mGLOB_options_string=-I/usr/include/openmpi-x86_64 -I/usr/lib64/openmpi/lib -o conftest -fPIC -g -v -lirc -limf -lsvml -lm -m64 -Wl,-rpath -Wl,/usr/lib64/openmpi/lib -Wl,--enable-new-dtags -L/usr/lib64/openmpi/lib -lmpi_usempi -lmpi_mpifh -lmpi" -mGLOB_position_independent_code -mGLOB_preemption_model=3 -mGLOB_cxx_limited_range=FALSE -mCG_extend_parms=FALSE -mGLOB_compiler_bin_directory=/home/cserv1_b/apps/install/intel-compilers/17.0.1/compilers_and_libraries_2017.1.132/linux/bin/intel64 -mP3OPT_emit_line_numbers -mP2OPT_suppress_unreferenced_locals=FALSE -mGLOB_debug_target=GLOB_DEBUG_TARGET_ALL -mDEBUG_info_level=2 -mDEBUG_use_indirect_strings=TRUE -mGLOB_debug_format=GLOB_DEBUG_FORMAT_DWARF40 -mGLOB_as_output_backup_file_name=/tmp/ifortp8oJ4bas_.s -mGLOB_dashboard_use_source_name -mGLOB_instruction_tuning=0x0 -mGLOB_uarch_tuning=0x0 -mGLOB_product_id_code=0x22006d8f -mGLOB_maintain_errno -mGLOB_noinline_intrinsics -mGLOB_use_base_pointer=1 -mCG_bnl_movbe=T -mGLOB_extended_instructions=0x8 -mP3OPT_use_mspp_call_convention -mP2OPT_subs_out_of_bound=FALSE -mP2OPT_disam_type_based_disam=2 -mGLOB_ansi_alias -mIPOPT_ninl_limit=0 -mIPOPT_ninl_user_level=0 -mPGOPTI_value_profile_use=T -mGLOB_opt_report_use_source_name -mP2OPT_gen_linux_const_pooling=FALSE -mP2OPT_il0_array_sections=TRUE -mGLOB_offload_mode=1 -mP2OPT_offload_unique_var_string=ifort0992813762uBMnGp -mGLOB_opt_level=0 -mIPOPT_args_in_regs=0 -mP2OPT_disam_assume_nonstd_intent_in=FALSE -mGLOB_imf_mapping_library=/home/cserv1_b/apps/install/intel-compilers/17.0.1/compilers_and_libraries_2017.1.132/linux/bin/intel64/libiml_attr.so -mIPOPT_single_file_compile_and_link=TRUE -mP2OPT_hlo_embed_loopinfo -mPGOPTI_gen_threadsafe_level=0 -mIPOPT_lto_object_enabled -mIPOPT_lto_object_value=1 -mIPOPT_obj_output_file_name=/tmp/ifortjqYWCx.o -mIPOPT_whole_archive_fixup_file_name=/tmp/ifortwarch7aM4xQ -mGLOB_linker_version=2.27 -mGLOB_driver_tempfile_name=/tmp/iforttempfile9B4XMF -mP3OPT_asm_target=P3OPT_ASM_TARGET_GAS -mGLOB_async_unwind_tables=TRUE -mGLOB_obj_output_file=/tmp/ifortjqYWCx.o -mGLOB_source_dialect=GLOB_SOURCE_DIALECT_FORTRAN -mP1OPT_source_file_name=conftest.f -mP1OPT_full_source_file_name=/usr/not-backed-up/prepcb9Feb2023/FreshCampfire/Zoltan_v3.83/BUILD_DIR/conftest.f -mP2OPT_symtab_type_copy=true conftest.f
#include "..." search starts here:
#include <...> search starts here:
 .
 /usr/include/openmpi-x86_64
 /usr/lib64/openmpi/lib
 /home/csunix/linux/apps/install/intel-compilers/17.0.1/compilers_and_libraries_2017.1.132/linux/ipp/include
 /home/csunix/linux/apps/install/intel-compilers/17.0.1/compilers_and_libraries_2017.1.132/linux/tbb/include
 /home/csunix/linux/apps/install/intel-compilers/17.0.1/compilers_and_libraries_2017.1.132/linux/daal/include
 /home/csunix/linux/apps/install/intel-compilers/2013-u5/mkl/include
 /home/csunix/linux/apps/install/intel-compilers/2013-u5/tbb/include
 /home/cserv1_b/apps/install/intel-compilers/17.0.1/compilers_and_libraries_2017.1.132/linux/compiler/include/intel64
 /home/cserv1_b/apps/install/intel-compilers/17.0.1/compilers_and_libraries_2017.1.132/linux/compiler/include/icc
 /home/cserv1_b/apps/install/intel-compilers/17.0.1/compilers_and_libraries_2017.1.132/linux/compiler/include
 /usr/local/include
 /usr/lib/gcc/x86_64-redhat-linux/4.8.5/include
 /usr/include/
 /usr/include
End of search list.
ld    /usr/lib/gcc/x86_64-redhat-linux/4.8.5/../../../../lib64/crt1.o /usr/lib/gcc/x86_64-redhat-linux/4.8.5/../../../../lib64/crti.o /usr/lib/gcc/x86_64-redhat-linux/4.8.5/crtbegin.o --eh-frame-hdr --build-id -dynamic-linker /lib64/ld-linux-x86-64.so.2 -m elf_x86_64 -L/usr/lib64/openmpi/lib -o conftest /home/cserv1_b/apps/install/intel-compilers/17.0.1/compilers_and_libraries_2017.1.132/linux/compiler/lib/intel64_lin/for_main.o -L/home/csunix/linux/apps/install/intel-compilers/17.0.1/compilers_and_libraries_2017.1.132/linux/ipp/lib/intel64 -L/home/csunix/linux/apps/install/intel-compilers/17.0.1/compilers_and_libraries_2017.1.132/linux/compiler/lib/intel64_lin -L/home/csunix/linux/apps/install/intel-compilers/17.0.1/compilers_and_libraries_2017.1.132/linux/tbb/lib/intel64/gcc4.7 -L/home/csunix/linux/apps/install/intel-compilers/17.0.1/compilers_and_libraries_2017.1.132/linux/daal/lib/intel64_lin -L/home/csunix/linux/apps/install/intel-compilers/17.0.1/compilers_and_libraries_2017.1.132/linux/daal/../tbb/lib/intel64_lin/gcc4.4 -L/home/csunix/linux/apps/install/intel-compilers/2013-u5/tbb/lib/intel64/gcc4.4 -L/home/csunix/linux/apps/install/intel-compilers/2013-u5/mkl/lib/intel64 -L/home/csunix/linux/apps/install/intel-compilers/2013-u5/ipp/lib/intel64 -L/home/csunix/linux/apps/install/intel-compilers/2013-u5/composerxe/lib/intel64 -L/home/cserv1_b/apps/install/intel-compilers/17.0.1/compilers_and_libraries_2017.1.132/linux/compiler/lib/intel64_lin -L/usr/lib/gcc/x86_64-redhat-linux/4.8.5/ -L/usr/lib/gcc/x86_64-redhat-linux/4.8.5/../../../../lib64 -L/usr/lib/gcc/x86_64-redhat-linux/4.8.5/../../../../lib64/ -L/lib/../lib64 -L/lib/../lib64/ -L/usr/lib/../lib64 -L/usr/lib/../lib64/ -L/home/csunix/linux/apps/install/intel-compilers/17.0.1/compilers_and_libraries_2017.1.132/linux/ipp/lib/intel64/ -L/home/csunix/linux/apps/install/intel-compilers/17.0.1/compilers_and_libraries_2017.1.132/linux/compiler/lib/intel64_lin/ -L/home/csunix/linux/apps/install/intel-compilers/17.0.1/compilers_and_libraries_2017.1.132/linux/tbb/lib/intel64/gcc4.7/ -L/home/csunix/linux/apps/install/intel-compilers/17.0.1/compilers_and_libraries_2017.1.132/linux/daal/lib/intel64_lin/ -L/home/csunix/linux/apps/install/intel-compilers/17.0.1/compilers_and_libraries_2017.1.132/linux/daal/../tbb/lib/intel64_lin/gcc4.4/ -L/home/csunix/linux/apps/install/intel-compilers/2013-u5/tbb/lib/intel64/gcc4.4/ -L/home/csunix/linux/apps/install/intel-compilers/2013-u5/mkl/lib/intel64/ -L/home/csunix/linux/apps/install/intel-compilers/2013-u5/ipp/lib/intel64/ -L/home/csunix/linux/apps/install/intel-compilers/2013-u5/composerxe/lib/intel64/ -L/usr/lib/gcc/x86_64-redhat-linux/4.8.5/../../../ -L/lib64 -L/lib/ -L/usr/lib64 -L/usr/lib /tmp/ifortjqYWCx.o -lirc -limf -lsvml -L/home/cserv1_b/apps/install/intel-compilers/17.0.1/compilers_and_libraries_2017.1.132/linux/compiler/lib/intel64_lin -Bstatic -limf -Bdynamic -lm -rpath /usr/lib64/openmpi/lib --enable-new-dtags -lmpi_usempi -lmpi_mpifh -lmpi -Bdynamic -Bstatic -lifport -lifcoremt_pic -limf -lsvml -Bdynamic -lm -Bstatic -lipgo -lirc -Bdynamic -lpthread -Bstatic -lsvml -Bdynamic -lc -lgcc -lgcc_s -Bstatic -lirc_s -Bdynamic -ldl -lc /usr/lib/gcc/x86_64-redhat-linux/4.8.5/crtend.o /usr/lib/gcc/x86_64-redhat-linux/4.8.5/../../../../lib64/crtn.o
configure:6934: result:  -L/usr/lib64/openmpi/lib -L/home/csunix/linux/apps/install/intel-compilers/17.0.1/compilers_and_libraries_2017.1.132/linux/ipp/lib/intel64 -L/home/csunix/linux/apps/install/intel-compilers/17.0.1/compilers_and_libraries_2017.1.132/linux/compiler/lib/intel64_lin -L/home/csunix/linux/apps/install/intel-compilers/17.0.1/compilers_and_libraries_2017.1.132/linux/tbb/lib/intel64/gcc4.7 -L/home/csunix/linux/apps/install/intel-compilers/17.0.1/compilers_and_libraries_2017.1.132/linux/daal/lib/intel64_lin -L/home/csunix/linux/apps/install/intel-compilers/17.0.1/compilers_and_libraries_2017.1.132/linux/daal/../tbb/lib/intel64_lin/gcc4.4 -L/home/csunix/linux/apps/install/intel-compilers/2013-u5/tbb/lib/intel64/gcc4.4 -L/home/csunix/linux/apps/install/intel-compilers/2013-u5/mkl/lib/intel64 -L/home/csunix/linux/apps/install/intel-compilers/2013-u5/ipp/lib/intel64 -L/home/csunix/linux/apps/install/intel-compilers/2013-u5/composerxe/lib/intel64 -L/home/cserv1_b/apps/install/intel-compilers/17.0.1/compilers_and_libraries_2017.1.132/linux/compiler/lib/intel64_lin -L/usr/lib/gcc/x86_64-redhat-linux/4.8.5/ -L/usr/lib/gcc/x86_64-redhat-linux/4.8.5/../../../../lib64 -L/usr/lib/gcc/x86_64-redhat-linux/4.8.5/../../../../lib64/ -L/lib/../lib64 -L/lib/../lib64/ -L/usr/lib/../lib64 -L/usr/lib/../lib64/ -L/home/csunix/linux/apps/install/intel-compilers/17.0.1/compilers_and_libraries_2017.1.132/linux/ipp/lib/intel64/ -L/home/csunix/linux/apps/install/intel-compilers/17.0.1/compilers_and_libraries_2017.1.132/linux/compiler/lib/intel64_lin/ -L/home/csunix/linux/apps/install/intel-compilers/17.0.1/compilers_and_libraries_2017.1.132/linux/tbb/lib/intel64/gcc4.7/ -L/home/csunix/linux/apps/install/intel-compilers/17.0.1/compilers_and_libraries_2017.1.132/linux/daal/lib/intel64_lin/ -L/home/csunix/linux/apps/install/intel-compilers/17.0.1/compilers_and_libraries_2017.1.132/linux/daal/../tbb/lib/intel64_lin/gcc4.4/ -L/home/csunix/linux/apps/install/intel-compilers/2013-u5/tbb/lib/intel64/gcc4.4/ -L/home/csunix/linux/apps/install/intel-compilers/2013-u5/mkl/lib/intel64/ -L/home/csunix/linux/apps/install/intel-compilers/2013-u5/ipp/lib/intel64/ -L/home/csunix/linux/apps/install/intel-compilers/2013-u5/composerxe/lib/intel64/ -L/usr/lib/gcc/x86_64-redhat-linux/4.8.5/../../../ -L/lib64 -L/lib/ -L/usr/lib64 -L/usr/lib -lirc -limf -lsvml -lm -lmpi_usempi -lmpi_mpifh -lmpi -lifport -lifcoremt_pic -lipgo -lpthread -lirc_s -ldl
configure:6951: checking for dummy main to link with Fortran libraries
configure:6985: /usr/lib64/openmpi/bin/mpicc -o conftest -fPIC -g -O2   conftest.c -lirc -limf -lsvml  -lm  -L/usr/lib64/openmpi/lib -L/home/csunix/linux/apps/install/intel-compilers/17.0.1/compilers_and_libraries_2017.1.132/linux/ipp/lib/intel64 -L/home/csunix/linux/apps/install/intel-compilers/17.0.1/compilers_and_libraries_2017.1.132/linux/compiler/lib/intel64_lin -L/home/csunix/linux/apps/install/intel-compilers/17.0.1/compilers_and_libraries_2017.1.132/linux/tbb/lib/intel64/gcc4.7 -L/home/csunix/linux/apps/install/intel-compilers/17.0.1/compilers_and_libraries_2017.1.132/linux/daal/lib/intel64_lin -L/home/csunix/linux/apps/install/intel-compilers/17.0.1/compilers_and_libraries_2017.1.132/linux/daal/../tbb/lib/intel64_lin/gcc4.4 -L/home/csunix/linux/apps/install/intel-compilers/2013-u5/tbb/lib/intel64/gcc4.4 -L/home/csunix/linux/apps/install/intel-compilers/2013-u5/mkl/lib/intel64 -L/home/csunix/linux/apps/install/intel-compilers/2013-u5/ipp/lib/intel64 -L/home/csunix/linux/apps/install/intel-compilers/2013-u5/composerxe/lib/intel64 -L/home/cserv1_b/apps/install/intel-compilers/17.0.1/compilers_and_libraries_2017.1.132/linux/compiler/lib/intel64_lin -L/usr/lib/gcc/x86_64-redhat-linux/4.8.5/ -L/usr/lib/gcc/x86_64-redhat-linux/4.8.5/../../../../lib64 -L/usr/lib/gcc/x86_64-redhat-linux/4.8.5/../../../../lib64/ -L/lib/../lib64 -L/lib/../lib64/ -L/usr/lib/../lib64 -L/usr/lib/../lib64/ -L/home/csunix/linux/apps/install/intel-compilers/17.0.1/compilers_and_libraries_2017.1.132/linux/ipp/lib/intel64/ -L/home/csunix/linux/apps/install/intel-compilers/17.0.1/compilers_and_libraries_2017.1.132/linux/compiler/lib/intel64_lin/ -L/home/csunix/linux/apps/install/intel-compilers/17.0.1/compilers_and_libraries_2017.1.132/linux/tbb/lib/intel64/gcc4.7/ -L/home/csunix/linux/apps/install/intel-compilers/17.0.1/compilers_and_libraries_2017.1.132/linux/daal/lib/intel64_lin/ -L/home/csunix/linux/apps/install/intel-compilers/17.0.1/compilers_and_libraries_2017.1.132/linux/daal/../tbb/lib/intel64_lin/gcc4.4/ -L/home/csunix/linux/apps/install/intel-compilers/2013-u5/tbb/lib/intel64/gcc4.4/ -L/home/csunix/linux/apps/install/intel-compilers/2013-u5/mkl/lib/intel64/ -L/home/csunix/linux/apps/install/intel-compilers/2013-u5/ipp/lib/intel64/ -L/home/csunix/linux/apps/install/intel-compilers/2013-u5/composerxe/lib/intel64/ -L/usr/lib/gcc/x86_64-redhat-linux/4.8.5/../../../ -L/lib64 -L/lib/ -L/usr/lib64 -L/usr/lib -lirc -limf -lsvml -lm -lmpi_usempi -lmpi_mpifh -lmpi -lifport -lifcoremt_pic -lipgo -lpthread -lirc_s -ldl >&5
configure:6985: $? = 0
configure:7030: result: none
configure:7063: checking for Fortran name-mangling scheme
configure:7076: /usr/lib64/openmpi/bin/mpif90 -c -fPIC -g  conftest.f >&5
configure:7076: $? = 0
configure:7117: /usr/lib64/openmpi/bin/mpicc -o conftest -fPIC -g -O2   conftest.c cfortran_test.o -lirc -limf -lsvml  -lm  -L/usr/lib64/openmpi/lib -L/home/csunix/linux/apps/install/intel-compilers/17.0.1/compilers_and_libraries_2017.1.132/linux/ipp/lib/intel64 -L/home/csunix/linux/apps/install/intel-compilers/17.0.1/compilers_and_libraries_2017.1.132/linux/compiler/lib/intel64_lin -L/home/csunix/linux/apps/install/intel-compilers/17.0.1/compilers_and_libraries_2017.1.132/linux/tbb/lib/intel64/gcc4.7 -L/home/csunix/linux/apps/install/intel-compilers/17.0.1/compilers_and_libraries_2017.1.132/linux/daal/lib/intel64_lin -L/home/csunix/linux/apps/install/intel-compilers/17.0.1/compilers_and_libraries_2017.1.132/linux/daal/../tbb/lib/intel64_lin/gcc4.4 -L/home/csunix/linux/apps/install/intel-compilers/2013-u5/tbb/lib/intel64/gcc4.4 -L/home/csunix/linux/apps/install/intel-compilers/2013-u5/mkl/lib/intel64 -L/home/csunix/linux/apps/install/intel-compilers/2013-u5/ipp/lib/intel64 -L/home/csunix/linux/apps/install/intel-compilers/2013-u5/composerxe/lib/intel64 -L/home/cserv1_b/apps/install/intel-compilers/17.0.1/compilers_and_libraries_2017.1.132/linux/compiler/lib/intel64_lin -L/usr/lib/gcc/x86_64-redhat-linux/4.8.5/ -L/usr/lib/gcc/x86_64-redhat-linux/4.8.5/../../../../lib64 -L/usr/lib/gcc/x86_64-redhat-linux/4.8.5/../../../../lib64/ -L/lib/../lib64 -L/lib/../lib64/ -L/usr/lib/../lib64 -L/usr/lib/../lib64/ -L/home/csunix/linux/apps/install/intel-compilers/17.0.1/compilers_and_libraries_2017.1.132/linux/ipp/lib/intel64/ -L/home/csunix/linux/apps/install/intel-compilers/17.0.1/compilers_and_libraries_2017.1.132/linux/compiler/lib/intel64_lin/ -L/home/csunix/linux/apps/install/intel-compilers/17.0.1/compilers_and_libraries_2017.1.132/linux/tbb/lib/intel64/gcc4.7/ -L/home/csunix/linux/apps/install/intel-compilers/17.0.1/compilers_and_libraries_2017.1.132/linux/daal/lib/intel64_lin/ -L/home/csunix/linux/apps/install/intel-compilers/17.0.1/compilers_and_libraries_2017.1.132/linux/daal/../tbb/lib/intel64_lin/gcc4.4/ -L/home/csunix/linux/apps/install/intel-compilers/2013-u5/tbb/lib/intel64/gcc4.4/ -L/home/csunix/linux/apps/install/intel-compilers/2013-u5/mkl/lib/intel64/ -L/home/csunix/linux/apps/install/intel-compilers/2013-u5/ipp/lib/intel64/ -L/home/csunix/linux/apps/install/intel-compilers/2013-u5/composerxe/lib/intel64/ -L/usr/lib/gcc/x86_64-redhat-linux/4.8.5/../../../ -L/lib64 -L/lib/ -L/usr/lib64 -L/usr/lib -lirc -limf -lsvml -lm -lmpi_usempi -lmpi_mpifh -lmpi -lifport -lifcoremt_pic -lipgo -lpthread -lirc_s -ldl >&5
/tmp/iccEDuBAP.o: In function `main':
/usr/not-backed-up/prepcb9Feb2023/FreshCampfire/Zoltan_v3.83/BUILD_DIR/conftest.c:38: undefined reference to `foobar'
configure:7117: $? = 1
configure: failed program was:
| /* confdefs.h */
| #define PACKAGE_NAME "Zoltan"
| #define PACKAGE_TARNAME "zoltan"
| #define PACKAGE_VERSION "3.6"
| #define PACKAGE_STRING "Zoltan 3.6"
| #define PACKAGE_BUGREPORT "lriesen@sandia.gov"
| #define PACKAGE_URL ""
| #define HOST_LINUX 1
| #define HAVE_F90INTERFACE 1
| #define HAVE_ZOLTAN_CPPDRIVER /**/
| #define HAVE_MPI /**/
| #define HAVE_EXPORT_MAKEFILES /**/
| #define UNSIGNED_INT_GLOBAL_IDS 1
| #define HAVE_TESTS /**/
| #define HAVE_ZOLTAN_TESTS /**/
| #define HAVE_EXAMPLES /**/
| #define HAVE_ZOLTAN_EXAMPLES /**/
| /* end confdefs.h.  */
| 
| /* Override any GCC internal prototype to avoid an error.
|    Use char because int might match the return type of a GCC
|    builtin and then its argument prototype would still apply.  */
| #ifdef __cplusplus
| extern "C"
| #endif
| char foobar ();
| #ifdef FC_DUMMY_MAIN
| #ifndef FC_DUMMY_MAIN_EQ_F77
| #  ifdef __cplusplus
|      extern "C"
| #  endif
|    int FC_DUMMY_MAIN() { return 1; }
| #endif
| #endif
| int
| main ()
| {
| return foobar ();
|   ;
|   return 0;
| }
configure:7117: /usr/lib64/openmpi/bin/mpicc -o conftest -fPIC -g -O2   conftest.c cfortran_test.o -lirc -limf -lsvml  -lm  -L/usr/lib64/openmpi/lib -L/home/csunix/linux/apps/install/intel-compilers/17.0.1/compilers_and_libraries_2017.1.132/linux/ipp/lib/intel64 -L/home/csunix/linux/apps/install/intel-compilers/17.0.1/compilers_and_libraries_2017.1.132/linux/compiler/lib/intel64_lin -L/home/csunix/linux/apps/install/intel-compilers/17.0.1/compilers_and_libraries_2017.1.132/linux/tbb/lib/intel64/gcc4.7 -L/home/csunix/linux/apps/install/intel-compilers/17.0.1/compilers_and_libraries_2017.1.132/linux/daal/lib/intel64_lin -L/home/csunix/linux/apps/install/intel-compilers/17.0.1/compilers_and_libraries_2017.1.132/linux/daal/../tbb/lib/intel64_lin/gcc4.4 -L/home/csunix/linux/apps/install/intel-compilers/2013-u5/tbb/lib/intel64/gcc4.4 -L/home/csunix/linux/apps/install/intel-compilers/2013-u5/mkl/lib/intel64 -L/home/csunix/linux/apps/install/intel-compilers/2013-u5/ipp/lib/intel64 -L/home/csunix/linux/apps/install/intel-compilers/2013-u5/composerxe/lib/intel64 -L/home/cserv1_b/apps/install/intel-compilers/17.0.1/compilers_and_libraries_2017.1.132/linux/compiler/lib/intel64_lin -L/usr/lib/gcc/x86_64-redhat-linux/4.8.5/ -L/usr/lib/gcc/x86_64-redhat-linux/4.8.5/../../../../lib64 -L/usr/lib/gcc/x86_64-redhat-linux/4.8.5/../../../../lib64/ -L/lib/../lib64 -L/lib/../lib64/ -L/usr/lib/../lib64 -L/usr/lib/../lib64/ -L/home/csunix/linux/apps/install/intel-compilers/17.0.1/compilers_and_libraries_2017.1.132/linux/ipp/lib/intel64/ -L/home/csunix/linux/apps/install/intel-compilers/17.0.1/compilers_and_libraries_2017.1.132/linux/compiler/lib/intel64_lin/ -L/home/csunix/linux/apps/install/intel-compilers/17.0.1/compilers_and_libraries_2017.1.132/linux/tbb/lib/intel64/gcc4.7/ -L/home/csunix/linux/apps/install/intel-compilers/17.0.1/compilers_and_libraries_2017.1.132/linux/daal/lib/intel64_lin/ -L/home/csunix/linux/apps/install/intel-compilers/17.0.1/compilers_and_libraries_2017.1.132/linux/daal/../tbb/lib/intel64_lin/gcc4.4/ -L/home/csunix/linux/apps/install/intel-compilers/2013-u5/tbb/lib/intel64/gcc4.4/ -L/home/csunix/linux/apps/install/intel-compilers/2013-u5/mkl/lib/intel64/ -L/home/csunix/linux/apps/install/intel-compilers/2013-u5/ipp/lib/intel64/ -L/home/csunix/linux/apps/install/intel-compilers/2013-u5/composerxe/lib/intel64/ -L/usr/lib/gcc/x86_64-redhat-linux/4.8.5/../../../ -L/lib64 -L/lib/ -L/usr/lib64 -L/usr/lib -lirc -limf -lsvml -lm -lmpi_usempi -lmpi_mpifh -lmpi -lifport -lifcoremt_pic -lipgo -lpthread -lirc_s -ldl >&5
configure:7117: $? = 0
configure:7175: /usr/lib64/openmpi/bin/mpicc -o conftest -fPIC -g -O2   conftest.c cfortran_test.o -lirc -limf -lsvml  -lm  -L/usr/lib64/openmpi/lib -L/home/csunix/linux/apps/install/intel-compilers/17.0.1/compilers_and_libraries_2017.1.132/linux/ipp/lib/intel64 -L/home/csunix/linux/apps/install/intel-compilers/17.0.1/compilers_and_libraries_2017.1.132/linux/compiler/lib/intel64_lin -L/home/csunix/linux/apps/install/intel-compilers/17.0.1/compilers_and_libraries_2017.1.132/linux/tbb/lib/intel64/gcc4.7 -L/home/csunix/linux/apps/install/intel-compilers/17.0.1/compilers_and_libraries_2017.1.132/linux/daal/lib/intel64_lin -L/home/csunix/linux/apps/install/intel-compilers/17.0.1/compilers_and_libraries_2017.1.132/linux/daal/../tbb/lib/intel64_lin/gcc4.4 -L/home/csunix/linux/apps/install/intel-compilers/2013-u5/tbb/lib/intel64/gcc4.4 -L/home/csunix/linux/apps/install/intel-compilers/2013-u5/mkl/lib/intel64 -L/home/csunix/linux/apps/install/intel-compilers/2013-u5/ipp/lib/intel64 -L/home/csunix/linux/apps/install/intel-compilers/2013-u5/composerxe/lib/intel64 -L/home/cserv1_b/apps/install/intel-compilers/17.0.1/compilers_and_libraries_2017.1.132/linux/compiler/lib/intel64_lin -L/usr/lib/gcc/x86_64-redhat-linux/4.8.5/ -L/usr/lib/gcc/x86_64-redhat-linux/4.8.5/../../../../lib64 -L/usr/lib/gcc/x86_64-redhat-linux/4.8.5/../../../../lib64/ -L/lib/../lib64 -L/lib/../lib64/ -L/usr/lib/../lib64 -L/usr/lib/../lib64/ -L/home/csunix/linux/apps/install/intel-compilers/17.0.1/compilers_and_libraries_2017.1.132/linux/ipp/lib/intel64/ -L/home/csunix/linux/apps/install/intel-compilers/17.0.1/compilers_and_libraries_2017.1.132/linux/compiler/lib/intel64_lin/ -L/home/csunix/linux/apps/install/intel-compilers/17.0.1/compilers_and_libraries_2017.1.132/linux/tbb/lib/intel64/gcc4.7/ -L/home/csunix/linux/apps/install/intel-compilers/17.0.1/compilers_and_libraries_2017.1.132/linux/daal/lib/intel64_lin/ -L/home/csunix/linux/apps/install/intel-compilers/17.0.1/compilers_and_libraries_2017.1.132/linux/daal/../tbb/lib/intel64_lin/gcc4.4/ -L/home/csunix/linux/apps/install/intel-compilers/2013-u5/tbb/lib/intel64/gcc4.4/ -L/home/csunix/linux/apps/install/intel-compilers/2013-u5/mkl/lib/intel64/ -L/home/csunix/linux/apps/install/intel-compilers/2013-u5/ipp/lib/intel64/ -L/home/csunix/linux/apps/install/intel-compilers/2013-u5/composerxe/lib/intel64/ -L/usr/lib/gcc/x86_64-redhat-linux/4.8.5/../../../ -L/lib64 -L/lib/ -L/usr/lib64 -L/usr/lib -lirc -limf -lsvml -lm -lmpi_usempi -lmpi_mpifh -lmpi -lifport -lifcoremt_pic -lipgo -lpthread -lirc_s -ldl >&5
configure:7175: $? = 0
configure:7217: result: lower case, underscore, no extra underscore
configure:7287: checking for Fortran flag to compile .f files
configure:7303: /usr/lib64/openmpi/bin/mpif90 -c -fPIC -g  conftest.f >&5
configure:7303: $? = 0
configure:7312: result: none
configure:7338: checking for Fortran flag to compile .f90 files
configure:7354: /usr/lib64/openmpi/bin/mpif90 -c -fPIC -g  conftest.f90 >&5
configure:7354: $? = 0
configure:7363: result: none
configure:7387: checking fortran 90 modules inclusion flag
configure:7414: /usr/lib64/openmpi/bin/mpif90 -c -fPIC -g  conftest.f90 >&5
configure:7414: $? = 0
configure:7433: /usr/lib64/openmpi/bin/mpif90 -c -fPIC -g -I tmpdir_0  conftest.f90 >&5
configure:7433: $? = 0
configure:7452: result: -I 
configure:7461: checking fortran 90 module file suffix and case
configure:7518: result: lower
configure:7522: checking the compiler ID
configure:7593: result: Intel(R) Fortran Intel(R) 64 Compiler for applications running on Intel(R) 64, Version 17.0.1.132 Build 20161005
configure:7595: checking the compiler vendor
configure:7600: result: Intel
configure:7604: checking the compiler version
configure:7609: result: Intel(R) Fortran Intel(R) 64 Compiler for applications running on Intel(R) 64, Version 17.0.1.132 Build 20161005
configure:7616: checking the compiler major version
configure:7621: result: Intel(R) Fortran Intel(R) 64 Compiler for applications running on Intel(R) 64, Version 17
configure:7692: checking how to get verbose linking output from /usr/lib64/openmpi/bin/mpif90
configure:7786: result: -v
configure:7788: checking for Fortran libraries of /usr/lib64/openmpi/bin/mpif90
configure:7986: result:  -L/usr/lib64/openmpi/lib -L/home/csunix/linux/apps/install/intel-compilers/17.0.1/compilers_and_libraries_2017.1.132/linux/ipp/lib/intel64 -L/home/csunix/linux/apps/install/intel-compilers/17.0.1/compilers_and_libraries_2017.1.132/linux/compiler/lib/intel64_lin -L/home/csunix/linux/apps/install/intel-compilers/17.0.1/compilers_and_libraries_2017.1.132/linux/tbb/lib/intel64/gcc4.7 -L/home/csunix/linux/apps/install/intel-compilers/17.0.1/compilers_and_libraries_2017.1.132/linux/daal/lib/intel64_lin -L/home/csunix/linux/apps/install/intel-compilers/17.0.1/compilers_and_libraries_2017.1.132/linux/daal/../tbb/lib/intel64_lin/gcc4.4 -L/home/csunix/linux/apps/install/intel-compilers/2013-u5/tbb/lib/intel64/gcc4.4 -L/home/csunix/linux/apps/install/intel-compilers/2013-u5/mkl/lib/intel64 -L/home/csunix/linux/apps/install/intel-compilers/2013-u5/ipp/lib/intel64 -L/home/csunix/linux/apps/install/intel-compilers/2013-u5/composerxe/lib/intel64 -L/home/cserv1_b/apps/install/intel-compilers/17.0.1/compilers_and_libraries_2017.1.132/linux/compiler/lib/intel64_lin -L/usr/lib/gcc/x86_64-redhat-linux/4.8.5/ -L/usr/lib/gcc/x86_64-redhat-linux/4.8.5/../../../../lib64 -L/usr/lib/gcc/x86_64-redhat-linux/4.8.5/../../../../lib64/ -L/lib/../lib64 -L/lib/../lib64/ -L/usr/lib/../lib64 -L/usr/lib/../lib64/ -L/home/csunix/linux/apps/install/intel-compilers/17.0.1/compilers_and_libraries_2017.1.132/linux/ipp/lib/intel64/ -L/home/csunix/linux/apps/install/intel-compilers/17.0.1/compilers_and_libraries_2017.1.132/linux/compiler/lib/intel64_lin/ -L/home/csunix/linux/apps/install/intel-compilers/17.0.1/compilers_and_libraries_2017.1.132/linux/tbb/lib/intel64/gcc4.7/ -L/home/csunix/linux/apps/install/intel-compilers/17.0.1/compilers_and_libraries_2017.1.132/linux/daal/lib/intel64_lin/ -L/home/csunix/linux/apps/install/intel-compilers/17.0.1/compilers_and_libraries_2017.1.132/linux/daal/../tbb/lib/intel64_lin/gcc4.4/ -L/home/csunix/linux/apps/install/intel-compilers/2013-u5/tbb/lib/intel64/gcc4.4/ -L/home/csunix/linux/apps/install/intel-compilers/2013-u5/mkl/lib/intel64/ -L/home/csunix/linux/apps/install/intel-compilers/2013-u5/ipp/lib/intel64/ -L/home/csunix/linux/apps/install/intel-compilers/2013-u5/composerxe/lib/intel64/ -L/usr/lib/gcc/x86_64-redhat-linux/4.8.5/../../../ -L/lib64 -L/lib/ -L/usr/lib64 -L/usr/lib -lirc -limf -lsvml -lm -lmpi_usempi -lmpi_mpifh -lmpi -lifport -lifcoremt_pic -lipgo -lpthread -lirc_s -ldl
configure:8254: creating ./config.status

## ---------------------- ##
## Running config.status. ##
## ---------------------- ##

This file was extended by Zoltan config.status 3.6, which was
generated by GNU Autoconf 2.68.  Invocation command line was

  CONFIG_FILES    = 
  CONFIG_HEADERS  = 
  CONFIG_LINKS    = 
  CONFIG_COMMANDS = 
  $ ./config.status 

on comp-pc6105.leeds.ac.uk

config.status:966: creating Makefile
config.status:966: creating src/Makefile
config.status:966: creating src/driver/Makefile
config.status:966: creating src/fdriver/Makefile
config.status:966: creating Makefile.export.zoltan
config.status:966: creating example/Makefile
config.status:966: creating example/C/Makefile
config.status:966: creating example/CPP/Makefile
config.status:966: creating siMPI/Makefile
config.status:966: creating siMPI/pyMPI/Makefile
config.status:966: creating siMPI/pyMPI/siMPI/Makefile
config.status:966: creating src/include/Zoltan_config.h
config.status:1180: executing depfiles commands

## ---------------- ##
## Cache variables. ##
## ---------------- ##

ac_cv_build=x86_64-unknown-linux-gnu
ac_cv_c_compiler_gnu=yes
ac_cv_cxx_compiler_gnu=yes
ac_cv_env_CCC_set=
ac_cv_env_CCC_value=
ac_cv_env_CC_set=set
ac_cv_env_CC_value=mpicc
ac_cv_env_CFLAGS_set=
ac_cv_env_CFLAGS_value=
ac_cv_env_CPPFLAGS_set=
ac_cv_env_CPPFLAGS_value=
ac_cv_env_CXXCPP_set=
ac_cv_env_CXXCPP_value=
ac_cv_env_CXXFLAGS_set=
ac_cv_env_CXXFLAGS_value=
ac_cv_env_CXX_set=set
ac_cv_env_CXX_value=mpicxx
ac_cv_env_FCFLAGS_set=
ac_cv_env_FCFLAGS_value=
ac_cv_env_FC_set=set
ac_cv_env_FC_value=mpif90
ac_cv_env_LDFLAGS_set=
ac_cv_env_LDFLAGS_value=
ac_cv_env_LIBS_set=
ac_cv_env_LIBS_value=
ac_cv_env_build_alias_set=
ac_cv_env_build_alias_value=
ac_cv_env_host_alias_set=
ac_cv_env_host_alias_value=
ac_cv_env_target_alias_set=
ac_cv_env_target_alias_value=
ac_cv_fc_compiler_gnu=no
ac_cv_fc_dummy_main=none
ac_cv_fc_libs=' -L/usr/lib64/openmpi/lib -L/home/csunix/linux/apps/install/intel-compilers/17.0.1/compilers_and_libraries_2017.1.132/linux/ipp/lib/intel64 -L/home/csunix/linux/apps/install/intel-compilers/17.0.1/compilers_and_libraries_2017.1.132/linux/compiler/lib/intel64_lin -L/home/csunix/linux/apps/install/intel-compilers/17.0.1/compilers_and_libraries_2017.1.132/linux/tbb/lib/intel64/gcc4.7 -L/home/csunix/linux/apps/install/intel-compilers/17.0.1/compilers_and_libraries_2017.1.132/linux/daal/lib/intel64_lin -L/home/csunix/linux/apps/install/intel-compilers/17.0.1/compilers_and_libraries_2017.1.132/linux/daal/../tbb/lib/intel64_lin/gcc4.4 -L/home/csunix/linux/apps/install/intel-compilers/2013-u5/tbb/lib/intel64/gcc4.4 -L/home/csunix/linux/apps/install/intel-compilers/2013-u5/mkl/lib/intel64 -L/home/csunix/linux/apps/install/intel-compilers/2013-u5/ipp/lib/intel64 -L/home/csunix/linux/apps/install/intel-compilers/2013-u5/composerxe/lib/intel64 -L/home/cserv1_b/apps/install/intel-compilers/17.0.1/compilers_and_libraries_2017.1.132/linux/compiler/lib/intel64_lin -L/usr/lib/gcc/x86_64-redhat-linux/4.8.5/ -L/usr/lib/gcc/x86_64-redhat-linux/4.8.5/../../../../lib64 -L/usr/lib/gcc/x86_64-redhat-linux/4.8.5/../../../../lib64/ -L/lib/../lib64 -L/lib/../lib64/ -L/usr/lib/../lib64 -L/usr/lib/../lib64/ -L/home/csunix/linux/apps/install/intel-compilers/17.0.1/compilers_and_libraries_2017.1.132/linux/ipp/lib/intel64/ -L/home/csunix/linux/apps/install/intel-compilers/17.0.1/compilers_and_libraries_2017.1.132/linux/compiler/lib/intel64_lin/ -L/home/csunix/linux/apps/install/intel-compilers/17.0.1/compilers_and_libraries_2017.1.132/linux/tbb/lib/intel64/gcc4.7/ -L/home/csunix/linux/apps/install/intel-compilers/17.0.1/compilers_and_libraries_2017.1.132/linux/daal/lib/intel64_lin/ -L/home/csunix/linux/apps/install/intel-compilers/17.0.1/compilers_and_libraries_2017.1.132/linux/daal/../tbb/lib/intel64_lin/gcc4.4/ -L/home/csunix/linux/apps/install/intel-compilers/2013-u5/tbb/lib/intel64/gcc4.4/ -L/home/csunix/linux/apps/install/intel-compilers/2013-u5/mkl/lib/intel64/ -L/home/csunix/linux/apps/install/intel-compilers/2013-u5/ipp/lib/intel64/ -L/home/csunix/linux/apps/install/intel-compilers/2013-u5/composerxe/lib/intel64/ -L/usr/lib/gcc/x86_64-redhat-linux/4.8.5/../../../ -L/lib64 -L/lib/ -L/usr/lib64 -L/usr/lib -lirc -limf -lsvml -lm -lmpi_usempi -lmpi_mpifh -lmpi -lifport -lifcoremt_pic -lipgo -lpthread -lirc_s -ldl'
ac_cv_fc_mangling='lower case, underscore, no extra underscore'
ac_cv_fc_srcext_f90=none
ac_cv_fc_srcext_f=none
ac_cv_fortran_dummy_main=none
ac_cv_host=x86_64-unknown-linux-gnu
ac_cv_objext=o
ac_cv_path_MPI_CC=/usr/lib64/openmpi/bin/mpicc
ac_cv_path_MPI_CXX=/usr/lib64/openmpi/bin/mpicxx
ac_cv_path_MPI_FC=/usr/lib64/openmpi/bin/mpif90
ac_cv_path_install='/usr/bin/install -c'
ac_cv_path_mkdir=/usr/bin/mkdir
ac_cv_prog_AWK=gawk
ac_cv_prog_CXXCPP='/usr/lib64/openmpi/bin/mpicxx -E'
ac_cv_prog_HAVE_PERL=yes
ac_cv_prog_ac_ct_CC=/usr/lib64/openmpi/bin/mpicc
ac_cv_prog_ac_ct_RANLIB=ranlib
ac_cv_prog_cc__usr_lib64_openmpi_bin_mpicc_c_o=yes
ac_cv_prog_cc_c89=
ac_cv_prog_cc_g=yes
ac_cv_prog_cxx_g=yes
ac_cv_prog_fc_g=yes
ac_cv_prog_fc_v=-v
ac_cv_prog_make_make_set=yes
ac_cv_target=x86_64-unknown-linux-gnu
ac_cv_use_examples=yes
ac_cv_use_export_makefiles=yes
ac_cv_use_f90interface=yes
ac_cv_use_fortran90=yes
ac_cv_use_fortran=yes
ac_cv_use_gnumake=no
ac_cv_use_gzip=no
ac_cv_use_nemesis_exodus=no
ac_cv_use_parmetis=no
ac_cv_use_patoh=no
ac_cv_use_scotch=no
ac_cv_use_tests=yes
ac_cv_use_zoltan_cppdriver=yes
ac_cv_use_zoltan_examples=yes
ac_cv_use_zoltan_tests=yes
am_cv_CC_dependencies_compiler_type=gcc3
am_cv_CXX_dependencies_compiler_type=gcc3
am_cv_prog_tar_ustar=gnutar
ax_cv_f90_modflag='-I '
ax_cv_f90_modulecase=lower
wk_cv_prog_f90_major_version='Intel(R) Fortran Intel(R) 64 Compiler for applications running on Intel(R) 64, Version 17'
wk_cv_prog_f90_type=Intel
wk_cv_prog_f90_version='Intel(R) Fortran Intel(R) 64 Compiler for applications running on Intel(R) 64, Version 17.0.1.132 Build 20161005'
wk_cv_prog_f90_version_string='Intel(R) Fortran Intel(R) 64 Compiler for applications running on Intel(R) 64, Version 17.0.1.132 Build 20161005'

## ----------------- ##
## Output variables. ##
## ----------------- ##

ACLOCAL='${SHELL} /usr/not-backed-up/prepcb9Feb2023/FreshCampfire/Zoltan_v3.83/config/missing --run aclocal-1.11'
ALTERNATE_AR=''
AMDEPBACKSLASH='\'
AMDEP_FALSE='#'
AMDEP_TRUE=''
AMTAR='$${TAR-tar}'
AUTOCONF='${SHELL} /usr/not-backed-up/prepcb9Feb2023/FreshCampfire/Zoltan_v3.83/config/missing --run autoconf'
AUTOHEADER='${SHELL} /usr/not-backed-up/prepcb9Feb2023/FreshCampfire/Zoltan_v3.83/config/missing --run autoheader'
AUTOMAKE='${SHELL} /usr/not-backed-up/prepcb9Feb2023/FreshCampfire/Zoltan_v3.83/config/missing --run automake-1.11'
AWK='gawk'
BUILD_EXAMPLES_FALSE='#'
BUILD_EXAMPLES_TRUE=''
BUILD_GZIP_FALSE=''
BUILD_GZIP_TRUE='#'
BUILD_PARMETIS_FALSE=''
BUILD_PARMETIS_TRUE='#'
BUILD_SCOTCH_FALSE=''
BUILD_SCOTCH_TRUE='#'
BUILD_TESTS_FALSE='#'
BUILD_TESTS_TRUE=''
BUILD_ZOLTAN_F90_INTERFACE_FALSE='#'
BUILD_ZOLTAN_F90_INTERFACE_TRUE=''
CC='/usr/lib64/openmpi/bin/mpicc'
CCDEPMODE='depmode=gcc3'
CFLAGS='-fPIC -g -O2'
CPPFLAGS='-DAUTOTOOLS_BUILD  '
CXX='/usr/lib64/openmpi/bin/mpicxx'
CXXCPP='/usr/lib64/openmpi/bin/mpicxx -E'
CXXDEPMODE='depmode=gcc3'
CXXFLAGS='-DMPICH_IGNORE_CXX_SEEK  -g -O2'
CYGPATH_W='echo'
DEFS='-DHAVE_CONFIG_H'
DEPDIR='.deps'
ECHO_C=''
ECHO_N='-n'
ECHO_T=''
EXEEXT=''
F90_MODULE_LOWERCASE_FALSE='#'
F90_MODULE_LOWERCASE_TRUE=''
FC='/usr/lib64/openmpi/bin/mpif90'
FCFLAGS='-I ../ -I . -fPIC -g'
FCFLAGS_f90=''
FCFLAGS_f=''
FCLIBS=' -L/usr/lib64/openmpi/lib -L/home/csunix/linux/apps/install/intel-compilers/17.0.1/compilers_and_libraries_2017.1.132/linux/ipp/lib/intel64 -L/home/csunix/linux/apps/install/intel-compilers/17.0.1/compilers_and_libraries_2017.1.132/linux/compiler/lib/intel64_lin -L/home/csunix/linux/apps/install/intel-compilers/17.0.1/compilers_and_libraries_2017.1.132/linux/tbb/lib/intel64/gcc4.7 -L/home/csunix/linux/apps/install/intel-compilers/17.0.1/compilers_and_libraries_2017.1.132/linux/daal/lib/intel64_lin -L/home/csunix/linux/apps/install/intel-compilers/17.0.1/compilers_and_libraries_2017.1.132/linux/daal/../tbb/lib/intel64_lin/gcc4.4 -L/home/csunix/linux/apps/install/intel-compilers/2013-u5/tbb/lib/intel64/gcc4.4 -L/home/csunix/linux/apps/install/intel-compilers/2013-u5/mkl/lib/intel64 -L/home/csunix/linux/apps/install/intel-compilers/2013-u5/ipp/lib/intel64 -L/home/csunix/linux/apps/install/intel-compilers/2013-u5/composerxe/lib/intel64 -L/home/cserv1_b/apps/install/intel-compilers/17.0.1/compilers_and_libraries_2017.1.132/linux/compiler/lib/intel64_lin -L/usr/lib/gcc/x86_64-redhat-linux/4.8.5/ -L/usr/lib/gcc/x86_64-redhat-linux/4.8.5/../../../../lib64 -L/usr/lib/gcc/x86_64-redhat-linux/4.8.5/../../../../lib64/ -L/lib/../lib64 -L/lib/../lib64/ -L/usr/lib/../lib64 -L/usr/lib/../lib64/ -L/home/csunix/linux/apps/install/intel-compilers/17.0.1/compilers_and_libraries_2017.1.132/linux/ipp/lib/intel64/ -L/home/csunix/linux/apps/install/intel-compilers/17.0.1/compilers_and_libraries_2017.1.132/linux/compiler/lib/intel64_lin/ -L/home/csunix/linux/apps/install/intel-compilers/17.0.1/compilers_and_libraries_2017.1.132/linux/tbb/lib/intel64/gcc4.7/ -L/home/csunix/linux/apps/install/intel-compilers/17.0.1/compilers_and_libraries_2017.1.132/linux/daal/lib/intel64_lin/ -L/home/csunix/linux/apps/install/intel-compilers/17.0.1/compilers_and_libraries_2017.1.132/linux/daal/../tbb/lib/intel64_lin/gcc4.4/ -L/home/csunix/linux/apps/install/intel-compilers/2013-u5/tbb/lib/intel64/gcc4.4/ -L/home/csunix/linux/apps/install/intel-compilers/2013-u5/mkl/lib/intel64/ -L/home/csunix/linux/apps/install/intel-compilers/2013-u5/ipp/lib/intel64/ -L/home/csunix/linux/apps/install/intel-compilers/2013-u5/composerxe/lib/intel64/ -L/usr/lib/gcc/x86_64-redhat-linux/4.8.5/../../../ -L/lib64 -L/lib/ -L/usr/lib64 -L/usr/lib -lirc -limf -lsvml -lm -lmpi_usempi -lmpi_mpifh -lmpi -lifport -lifcoremt_pic -lipgo -lpthread -lirc_s -ldl'
FC_MAJOR_VERSION='Intel(R) Fortran Intel(R) 64 Compiler for applications running on Intel(R) 64, Version 17'
FC_MODNAME='$(1:.o=.mod)'
FC_MODNAME_Q='\$(1:.o=.mod)'
FC_VENDOR='Intel'
FC_VERSION='Intel(R) Fortran Intel(R) 64 Compiler for applications running on Intel(R) 64, Version 17.0.1.132 Build 20161005'
FC_VERSION_STRING='Intel(R) Fortran Intel(R) 64 Compiler for applications running on Intel(R) 64, Version 17.0.1.132 Build 20161005'
HAVE_MPI_FALSE='#'
HAVE_MPI_TRUE=''
HAVE_PERL='yes'
HAVE_ZOLTAN_CPPDRIVER_FALSE='#'
HAVE_ZOLTAN_CPPDRIVER_TRUE=''
HOST_CYGWIN_FALSE=''
HOST_CYGWIN_TRUE='#'
HOST_LINUX_FALSE='#'
HOST_LINUX_TRUE=''
HOST_SOLARIS_FALSE=''
HOST_SOLARIS_TRUE='#'
INSTALL_DATA='${INSTALL} -m 644'
INSTALL_PROGRAM='${INSTALL}'
INSTALL_SCRIPT='${INSTALL}'
INSTALL_STRIP_PROGRAM='$(install_sh) -c -s'
LDFLAGS=''
LIBOBJS=''
LIBS='-lirc -limf -lsvml  -lm'
LTLIBOBJS=''
MAINT='#'
MAINTAINER_MODE_FALSE=''
MAINTAINER_MODE_TRUE='#'
MAKEINFO='${SHELL} /usr/not-backed-up/prepcb9Feb2023/FreshCampfire/Zoltan_v3.83/config/missing --run makeinfo'
MKDIR_P='/usr/bin/mkdir -p'
MPI_CC='/usr/lib64/openmpi/bin/mpicc'
MPI_CXX='/usr/lib64/openmpi/bin/mpicxx'
MPI_FC='/usr/lib64/openmpi/bin/mpif90'
MPI_RECV_LIMIT_FLAG=''
NAG_F90_COMPILER_FALSE=''
NAG_F90_COMPILER_TRUE='#'
OBJEXT='o'
PACKAGE='zoltan'
PACKAGE_BUGREPORT='lriesen@sandia.gov'
PACKAGE_NAME='Zoltan'
PACKAGE_STRING='Zoltan 3.6'
PACKAGE_TARNAME='zoltan'
PACKAGE_URL=''
PACKAGE_VERSION='3.6'
PATH_SEPARATOR=':'
PERL_EXE='perl'
RANLIB='ranlib'
SET_MAKE=''
SHELL='/bin/sh'
STRIP=''
SUB_EXAMPLE_FALSE=''
SUB_EXAMPLE_TRUE='#'
SUB_TEST_FALSE=''
SUB_TEST_TRUE='#'
USE_ALTERNATE_AR_FALSE=''
USE_ALTERNATE_AR_TRUE='#'
USING_EXPORT_MAKEFILES_FALSE='#'
USING_EXPORT_MAKEFILES_TRUE=''
USING_GNUMAKE_FALSE=''
USING_GNUMAKE_TRUE='#'
USING_PERL_FALSE='#'
USING_PERL_TRUE=''
VERSION='3.6'
ac_aux_dir='../config'
ac_ct_CC='/usr/lib64/openmpi/bin/mpicc'
ac_ct_CXX=''
ac_ct_FC=''
am__EXEEXT_FALSE=''
am__EXEEXT_TRUE='#'
am__fastdepCC_FALSE='#'
am__fastdepCC_TRUE=''
am__fastdepCXX_FALSE='#'
am__fastdepCXX_TRUE=''
am__include='include'
am__isrc=' -I$(srcdir)'
am__leading_dot='.'
am__nodep='_no'
am__quote=''
am__tar='tar --format=ustar -chf - "$$tardir"'
am__untar='tar -xf -'
bindir='${exec_prefix}/bin'
build='x86_64-unknown-linux-gnu'
build_alias=''
build_cpu='x86_64'
build_os='linux-gnu'
build_vendor='unknown'
datadir='${datarootdir}'
datarootdir='${prefix}/share'
docdir='${datarootdir}/doc/${PACKAGE_TARNAME}'
dvidir='${docdir}'
exec_prefix='${prefix}'
host='x86_64-unknown-linux-gnu'
host_alias=''
host_cpu='x86_64'
host_os='linux-gnu'
host_vendor='unknown'
htmldir='${docdir}'
includedir='${prefix}/include'
infodir='${datarootdir}/info'
install_sh='${SHELL} /usr/not-backed-up/prepcb9Feb2023/FreshCampfire/Zoltan_v3.83/config/install-sh'
libdir='${exec_prefix}/lib'
libexecdir='${exec_prefix}/libexec'
localedir='${datarootdir}/locale'
localstatedir='${prefix}/var'
mandir='${datarootdir}/man'
mkdir_p='/usr/bin/mkdir -p'
oldincludedir='/usr/include'
pdfdir='${docdir}'
prefix='/usr/not-backed-up/prepcb9Feb2023/FreshCampfire/Zoltan_v3.83/BUILD_DIR'
program_transform_name='s,x,x,'
psdir='${docdir}'
sbindir='${exec_prefix}/sbin'
sharedstatedir='${prefix}/com'
sysconfdir='${prefix}/etc'
target='x86_64-unknown-linux-gnu'
target_alias=''
target_cpu='x86_64'
target_os='linux-gnu'
target_vendor='unknown'

## ----------- ##
## confdefs.h. ##
## ----------- ##

/* confdefs.h */
#define PACKAGE_NAME "Zoltan"
#define PACKAGE_TARNAME "zoltan"
#define PACKAGE_VERSION "3.6"
#define PACKAGE_STRING "Zoltan 3.6"
#define PACKAGE_BUGREPORT "lriesen@sandia.gov"
#define PACKAGE_URL ""
#define HOST_LINUX 1
#define HAVE_F90INTERFACE 1
#define HAVE_ZOLTAN_CPPDRIVER /**/
#define HAVE_MPI /**/
#define HAVE_EXPORT_MAKEFILES /**/
#define UNSIGNED_INT_GLOBAL_IDS 1
#define HAVE_TESTS /**/
#define HAVE_ZOLTAN_TESTS /**/
#define HAVE_EXAMPLES /**/
#define HAVE_ZOLTAN_EXAMPLES /**/
#define FC_FUNC(name,NAME) name ## _
#define FC_FUNC_(name,NAME) name ## _

configure: exit 0
